<?xml version="1.0" encoding="UTF-8"?>
<testng-results skipped="0" failed="0" ignored="0" total="1" passed="1">
  <reporter-output>
  </reporter-output>
  <suite name="Default suite" duration-ms="28545" started-at="2018-08-18T09:46:46Z" finished-at="2018-08-18T09:47:15Z">
    <groups>
    </groups>
    <test name="Default test" duration-ms="28545" started-at="2018-08-18T09:46:46Z" finished-at="2018-08-18T09:47:15Z">
      <class name="capturescreen.Capturess">
        <test-method status="PASS" signature="Capture()[pri:0, instance:capturescreen.Capturess@be2bc2]" name="Capture" duration-ms="28364" started-at="2018-08-18T09:46:47Z" finished-at="2018-08-18T09:47:15Z">
          <reporter-output>
          </reporter-output>
        </test-method> <!-- Capture -->
      </class> <!-- capturescreen.Capturess -->
    </test> <!-- Default test -->
  </suite> <!-- Default suite -->
</testng-results>
